<?xml version="1.0" encoding="UTF-8"?>
<!-- Generated by org.testng.reporters.JUnitReportReporter -->
<testsuite hostname="MONIKA" failures="0" tests="1" name="StepDefinition.Testing" time="37.354" errors="0" timestamp="04 May 2021 05:23:16 GMT" skipped="0">
  <testcase classname="StepDefinition.Testing" name="testLogin" time="37.354"/>
</testsuite> <!-- StepDefinition.Testing -->
