<?xml version="1.0" encoding="UTF-8"?>
<!-- Generated by org.testng.reporters.JUnitReportReporter -->
<testsuite hostname="MONIKA" failures="0" tests="10" name="StepDefinition.View_Edit_Delete_Deal" time="28.547" errors="0" timestamp="06 May 2021 08:33:49 GMT" skipped="0">
  <testcase classname="StepDefinition.View_Edit_Delete_Deal" name="user_navigates_to_Login_page" time="6.601"/>
  <testcase classname="StepDefinition.View_Edit_Delete_Deal" name="user_Enters_valid_login_credentials" time="7.623"/>
  <testcase classname="StepDefinition.View_Edit_Delete_Deal" name="user_selects_Deals_section_from_sidebar_menu" time="9.209"/>
  <testcase classname="StepDefinition.View_Edit_Delete_Deal" name="user_should_be_redirected_to_Deals_dashboard" time="5.008"/>
  <testcase classname="StepDefinition.View_Edit_Delete_Deal" name="user_selects_the_deal_from_dashboard_by_clicking_on_view_icon" time="0.102"/>
  <testcase classname="StepDefinition.View_Edit_Delete_Deal" name="existing_deal_should_be_visible_with_all_details" time="0.001"/>
  <testcase classname="StepDefinition.View_Edit_Delete_Deal" name="user_selects_the_deal_from_dashboard_by_clicking_on_edit_icon" time="0.000"/>
  <testcase classname="StepDefinition.View_Edit_Delete_Deal" name="user_should_be_able_to_edit_the_deal" time="0.001"/>
  <testcase classname="StepDefinition.View_Edit_Delete_Deal" name="user_selects_the_deal_from_dashboard_by_clicking_on_delete_icon" time="0.001"/>
  <testcase classname="StepDefinition.View_Edit_Delete_Deal" name="user_should_be_able_to_see_deal_in_bin" time="0.001"/>
</testsuite> <!-- StepDefinition.View_Edit_Delete_Deal -->
