<?xml version="1.0" encoding="UTF-8"?>
<!-- Generated by org.testng.reporters.JUnitReportReporter -->
<testsuite hostname="MONIKA" failures="0" tests="1" name="StepDefinition.ValidateLogin" time="8.519" errors="0" timestamp="02 May 2021 20:04:25 GMT" skipped="0">
  <testcase classname="StepDefinition.ValidateLogin" name="testLogin" time="8.519"/>
</testsuite> <!-- StepDefinition.ValidateLogin -->
