<?xml version="1.0" encoding="UTF-8"?>
<!-- Generated by org.testng.reporters.JUnitReportReporter -->
<testsuite hostname="MONIKA" failures="0" tests="1" name="Tests.CheckLogin" time="18.063" errors="0" timestamp="01 May 2021 07:36:49 GMT" skipped="0">
  <testcase classname="Tests.CheckLogin" name="testLogin" time="18.063"/>
</testsuite> <!-- Tests.CheckLogin -->
