<?xml version="1.0" encoding="UTF-8"?>
<!-- Generated by org.testng.reporters.JUnitReportReporter -->
<testsuite hostname="MONIKA" failures="0" tests="6" name="StepDefinition.Export_Deal" time="36.174" errors="0" timestamp="04 May 2021 20:00:11 GMT" skipped="0">
  <testcase classname="StepDefinition.Export_Deal" name="user_navigates_to_login_page" time="4.097"/>
  <testcase classname="StepDefinition.Export_Deal" name="user_enters_valid_credentials" time="5.115"/>
  <testcase classname="StepDefinition.Export_Deal" name="user_selects_Deals_section_from_sidebar_menu" time="3.107"/>
  <testcase classname="StepDefinition.Export_Deal" name="user_should_be_redirected_to_Deals_dashboard" time="5.077"/>
  <testcase classname="StepDefinition.Export_Deal" name="user_selects_deals_from_dashboard_and_clicks_on_export_option" time="9.275"/>
  <testcase classname="StepDefinition.Export_Deal" name="deals_should_be_exported_to_documents_section" time="9.503"/>
</testsuite> <!-- StepDefinition.Export_Deal -->
